This is pdfTeX, Version 3.141592653-2.6-1.40.22 (TeX Live 2021 - Flatpak) (preloaded format=pdflatex 2021.10.11)  15 OCT 2021 22:31
entering extended mode
 restricted \write18 enabled.
 %&-line parsing enabled.
**rapport.tex
(./rapport.tex
LaTeX2e <2020-10-01> patch level 4
L3 programming layer <2021-02-18>
(/app/texlive/texmf-dist/tex/latex/base/article.cls
Document Class: article 2020/04/10 v1.4m Standard LaTeX document class
(/app/texlive/texmf-dist/tex/latex/base/size12.clo
File: size12.clo 2020/04/10 v1.4m Standard LaTeX file (size option)
)
\c@part=\count179
\c@section=\count180
\c@subsection=\count181
\c@subsubsection=\count182
\c@paragraph=\count183
\c@subparagraph=\count184
\c@figure=\count185
\c@table=\count186
\abovecaptionskip=\skip47
\belowcaptionskip=\skip48
\bibindent=\dimen138
)
(/app/texlive/texmf-dist/tex/latex/graphics/graphicx.sty
Package: graphicx 2020/09/09 v1.2b Enhanced LaTeX Graphics (DPC,SPQR)

(/app/texlive/texmf-dist/tex/latex/graphics/keyval.sty
Package: keyval 2014/10/28 v1.15 key=value parser (DPC)
\KV@toks@=\toks15
)
(/app/texlive/texmf-dist/tex/latex/graphics/graphics.sty
Package: graphics 2020/08/30 v1.4c Standard LaTeX Graphics (DPC,SPQR)

(/app/texlive/texmf-dist/tex/latex/graphics/trig.sty
Package: trig 2016/01/03 v1.10 sin cos tan (DPC)
)
(/app/texlive/texmf-dist/tex/latex/graphics-cfg/graphics.cfg
File: graphics.cfg 2016/06/04 v1.11 sample graphics configuration
)
Package graphics Info: Driver file: pdftex.def on input line 105.

(/app/texlive/texmf-dist/tex/latex/graphics-def/pdftex.def
File: pdftex.def 2020/10/05 v1.2a Graphics/color driver for pdftex
))
\Gin@req@height=\dimen139
\Gin@req@width=\dimen140
)
(/app/texlive/texmf-dist/tex/latex/placeins/placeins.sty
Package: placeins 2005/04/18  v 2.2
)
(/app/texlive/texmf-dist/tex/latex/hyperref/hyperref.sty
Package: hyperref 2021-02-27 v7.00k Hypertext links for LaTeX

(/app/texlive/texmf-dist/tex/generic/ltxcmds/ltxcmds.sty
Package: ltxcmds 2020-05-10 v1.25 LaTeX kernel commands for general use (HO)
)
(/app/texlive/texmf-dist/tex/generic/iftex/iftex.sty
Package: iftex 2020/03/06 v1.0d TeX engine tests
)
(/app/texlive/texmf-dist/tex/generic/pdftexcmds/pdftexcmds.sty
Package: pdftexcmds 2020-06-27 v0.33 Utility functions of pdfTeX for LuaTeX (HO
)

(/app/texlive/texmf-dist/tex/generic/infwarerr/infwarerr.sty
Package: infwarerr 2019/12/03 v1.5 Providing info/warning/error messages (HO)
)
Package pdftexcmds Info: \pdf@primitive is available.
Package pdftexcmds Info: \pdf@ifprimitive is available.
Package pdftexcmds Info: \pdfdraftmode found.
)
(/app/texlive/texmf-dist/tex/generic/kvsetkeys/kvsetkeys.sty
Package: kvsetkeys 2019/12/15 v1.18 Key value parser (HO)
)
(/app/texlive/texmf-dist/tex/generic/kvdefinekeys/kvdefinekeys.sty
Package: kvdefinekeys 2019-12-19 v1.6 Define keys (HO)
)
(/app/texlive/texmf-dist/tex/generic/pdfescape/pdfescape.sty
Package: pdfescape 2019/12/09 v1.15 Implements pdfTeX's escape features (HO)
)
(/app/texlive/texmf-dist/tex/latex/hycolor/hycolor.sty
Package: hycolor 2020-01-27 v1.10 Color options for hyperref/bookmark (HO)
)
(/app/texlive/texmf-dist/tex/latex/letltxmacro/letltxmacro.sty
Package: letltxmacro 2019/12/03 v1.6 Let assignment for LaTeX macros (HO)
)
(/app/texlive/texmf-dist/tex/latex/auxhook/auxhook.sty
Package: auxhook 2019-12-17 v1.6 Hooks for auxiliary files (HO)
)
(/app/texlive/texmf-dist/tex/latex/kvoptions/kvoptions.sty
Package: kvoptions 2020-10-07 v3.14 Key value format for package options (HO)
)
\@linkdim=\dimen141
\Hy@linkcounter=\count187
\Hy@pagecounter=\count188

(/app/texlive/texmf-dist/tex/latex/hyperref/pd1enc.def
File: pd1enc.def 2021-02-27 v7.00k Hyperref: PDFDocEncoding definition (HO)
Now handling font encoding PD1 ...
... no UTF-8 mapping file for font encoding PD1
)
(/app/texlive/texmf-dist/tex/latex/hyperref/hyperref-langpatches.def
File: hyperref-langpatches.def 2021-02-27 v7.00k Hyperref: patches for babel la
nguages
)
(/app/texlive/texmf-dist/tex/generic/intcalc/intcalc.sty
Package: intcalc 2019/12/15 v1.3 Expandable calculations with integers (HO)
)
(/app/texlive/texmf-dist/tex/generic/etexcmds/etexcmds.sty
Package: etexcmds 2019/12/15 v1.7 Avoid name clashes with e-TeX commands (HO)
)
\Hy@SavedSpaceFactor=\count189

(/app/texlive/texmf-dist/tex/latex/hyperref/puenc.def
File: puenc.def 2021-02-27 v7.00k Hyperref: PDF Unicode definition (HO)
Now handling font encoding PU ...
... no UTF-8 mapping file for font encoding PU
)
Package hyperref Info: Hyper figures OFF on input line 4192.
Package hyperref Info: Link nesting OFF on input line 4197.
Package hyperref Info: Hyper index ON on input line 4200.
Package hyperref Info: Plain pages OFF on input line 4207.
Package hyperref Info: Backreferencing OFF on input line 4212.
Package hyperref Info: Implicit mode ON; LaTeX internals redefined.
Package hyperref Info: Bookmarks ON on input line 4445.
\c@Hy@tempcnt=\count190

(/app/texlive/texmf-dist/tex/latex/url/url.sty
\Urlmuskip=\muskip16
Package: url 2013/09/16  ver 3.4  Verb mode for urls, etc.
)
LaTeX Info: Redefining \url on input line 4804.
\XeTeXLinkMargin=\dimen142

(/app/texlive/texmf-dist/tex/generic/bitset/bitset.sty
Package: bitset 2019/12/09 v1.3 Handle bit-vector datatype (HO)

(/app/texlive/texmf-dist/tex/generic/bigintcalc/bigintcalc.sty
Package: bigintcalc 2019/12/15 v1.5 Expandable calculations on big integers (HO
)
))
\Fld@menulength=\count191
\Field@Width=\dimen143
\Fld@charsize=\dimen144
Package hyperref Info: Hyper figures OFF on input line 6075.
Package hyperref Info: Link nesting OFF on input line 6080.
Package hyperref Info: Hyper index ON on input line 6083.
Package hyperref Info: backreferencing OFF on input line 6090.
Package hyperref Info: Link coloring OFF on input line 6095.
Package hyperref Info: Link coloring with OCG OFF on input line 6100.
Package hyperref Info: PDF/A mode OFF on input line 6105.
LaTeX Info: Redefining \ref on input line 6145.
LaTeX Info: Redefining \pageref on input line 6149.

(/app/texlive/texmf-dist/tex/latex/base/atbegshi-ltx.sty
Package: atbegshi-ltx 2020/08/17 v1.0a Emulation of the original atbegshi packa
ge
with kernel methods
)
\Hy@abspage=\count192
\c@Item=\count193
\c@Hfootnote=\count194
)
Package hyperref Info: Driver (autodetected): hpdftex.

(/app/texlive/texmf-dist/tex/latex/hyperref/hpdftex.def
File: hpdftex.def 2021-02-27 v7.00k Hyperref driver for pdfTeX

(/app/texlive/texmf-dist/tex/latex/base/atveryend-ltx.sty
Package: atveryend-ltx 2020/08/19 v1.0a Emulation of the original atvery packag
e
with kernel methods
)
\Fld@listcount=\count195
\c@bookmark@seq@number=\count196

(/app/texlive/texmf-dist/tex/latex/rerunfilecheck/rerunfilecheck.sty
Package: rerunfilecheck 2019/12/05 v1.9 Rerun checks for auxiliary files (HO)

(/app/texlive/texmf-dist/tex/generic/uniquecounter/uniquecounter.sty
Package: uniquecounter 2019/12/15 v1.4 Provide unlimited unique counter (HO)
)
Package uniquecounter Info: New unique counter `rerunfilecheck' on input line 2
86.
)
\Hy@SectionHShift=\skip49
)
\@indexfile=\write3
\openout3 = `rapport.idx'.


Writing index file rapport.idx
(/app/texlive/texmf-dist/tex/latex/l3backend/l3backend-pdftex.def
File: l3backend-pdftex.def 2021-03-18 L3 backend support: PDF output (pdfTeX)
\l__color_backend_stack_int=\count197
\l__pdf_internal_box=\box47
)
(./rapport.aux)
\openout1 = `rapport.aux'.

LaTeX Font Info:    Checking defaults for OML/cmm/m/it on input line 8.
LaTeX Font Info:    ... okay on input line 8.
LaTeX Font Info:    Checking defaults for OMS/cmsy/m/n on input line 8.
LaTeX Font Info:    ... okay on input line 8.
LaTeX Font Info:    Checking defaults for OT1/cmr/m/n on input line 8.
LaTeX Font Info:    ... okay on input line 8.
LaTeX Font Info:    Checking defaults for T1/cmr/m/n on input line 8.
LaTeX Font Info:    ... okay on input line 8.
LaTeX Font Info:    Checking defaults for TS1/cmr/m/n on input line 8.
LaTeX Font Info:    ... okay on input line 8.
LaTeX Font Info:    Checking defaults for OMX/cmex/m/n on input line 8.
LaTeX Font Info:    ... okay on input line 8.
LaTeX Font Info:    Checking defaults for U/cmr/m/n on input line 8.
LaTeX Font Info:    ... okay on input line 8.
LaTeX Font Info:    Checking defaults for PD1/pdf/m/n on input line 8.
LaTeX Font Info:    ... okay on input line 8.
LaTeX Font Info:    Checking defaults for PU/pdf/m/n on input line 8.
LaTeX Font Info:    ... okay on input line 8.
 (/app/texlive/texmf-dist/tex/context/base/mkii/supp-pdf.mkii
[Loading MPS to PDF converter (version 2006.09.02).]
\scratchcounter=\count198
\scratchdimen=\dimen145
\scratchbox=\box48
\nofMPsegments=\count199
\nofMParguments=\count266
\everyMPshowfont=\toks16
\MPscratchCnt=\count267
\MPscratchDim=\dimen146
\MPnumerator=\count268
\makeMPintoPDFobject=\count269
\everyMPtoPDFconversion=\toks17
) (/app/texlive/texmf-dist/tex/latex/epstopdf-pkg/epstopdf-base.sty
Package: epstopdf-base 2020-01-24 v2.11 Base part for package epstopdf
Package epstopdf-base Info: Redefining graphics rule for `.eps' on input line 4
85.

(/app/texlive/texmf-dist/tex/latex/latexconfig/epstopdf-sys.cfg
File: epstopdf-sys.cfg 2010/07/13 v1.3 Configuration of (r)epstopdf for TeX Liv
e
))
Package hyperref Info: Link coloring OFF on input line 8.

(/app/texlive/texmf-dist/tex/latex/hyperref/nameref.sty
Package: nameref 2021-04-02 v2.47 Cross-referencing by name of section

(/app/texlive/texmf-dist/tex/latex/refcount/refcount.sty
Package: refcount 2019/12/15 v3.6 Data extraction from label references (HO)
)
(/app/texlive/texmf-dist/tex/generic/gettitlestring/gettitlestring.sty
Package: gettitlestring 2019/12/15 v1.6 Cleanup title references (HO)
)
\c@section@level=\count270
)
LaTeX Info: Redefining \ref on input line 8.
LaTeX Info: Redefining \pageref on input line 8.
LaTeX Info: Redefining \nameref on input line 8.

(./rapport.out) (./rapport.out)
\@outlinefile=\write4
\openout4 = `rapport.out'.

<../images//logopopo.png, id=44, 1204.5pt x 766.865pt>
File: ../images//logopopo.png Graphic file (type png)
<use ../images//logopopo.png>
Package pdftex.def Info: ../images//logopopo.png  used on input line 10.
(pdftex.def)             Requested size: 113.81102pt x 72.45508pt.
<../images//univlille.png, id=46, 389.455pt x 130.4875pt>
File: ../images//univlille.png Graphic file (type png)
<use ../images//univlille.png>
Package pdftex.def Info: ../images//univlille.png  used on input line 12.
(pdftex.def)             Requested size: 170.71652pt x 57.19763pt.
<../images//capteur.jpg, id=47, 271.0125pt x 271.0125pt>
File: ../images//capteur.jpg Graphic file (type jpg)
<use ../images//capteur.jpg>
Package pdftex.def Info: ../images//capteur.jpg  used on input line 23.
(pdftex.def)             Requested size: 227.62204pt x 227.62825pt.
 [1

{/app/texlive/texmf-dist/fonts/map/pdftex/updmap/pdftex.map} <../images//logopo
po.png> <../images//univlille.png> <../images//capteur.jpg>] (./rapport.toc
LaTeX Font Info:    External font `cmex10' loaded for size
(Font)              <12> on input line 12.
LaTeX Font Info:    External font `cmex10' loaded for size
(Font)              <8> on input line 12.
LaTeX Font Info:    External font `cmex10' loaded for size
(Font)              <6> on input line 12.
)
\tf@toc=\write5
\openout5 = `rapport.toc'.

pdfTeX warning (ext4): destination with the same identifier (name{page.1}) has 
been already used, duplicate ignored
<to be read again> 
                   \relax 
l.30 	\newpage
               [1]

Package hyperref Warning: Token not allowed in a PDF string (Unicode):
(hyperref)                removing `\\' on input line 32.


Overfull \hbox (17.06383pt too wide) in paragraph at lines 36--37
 [][] \OT1/cmr/m/n/12 Il ex-iste deux ap-proches de base pour contr^oler les ro
bots mo-biles : d^^Selib^^Serative
 []


Underfull \hbox (badness 10000) in paragraph at lines 36--37

 []


Underfull \hbox (badness 10000) in paragraph at lines 38--41

 []

[2]
<../images//screenDatasheet.png, id=86, 683.55376pt x 800.9925pt>
File: ../images//screenDatasheet.png Graphic file (type png)
<use ../images//screenDatasheet.png>
Package pdftex.def Info: ../images//screenDatasheet.png  used on input line 50.

(pdftex.def)             Requested size: 227.62204pt x 266.72388pt.

Underfull \hbox (badness 10000) in paragraph at lines 54--55

 []

[3 <../images//screenDatasheet.png>]
Underfull \hbox (badness 10000) in paragraph at lines 63--63
[]\OT1/cmr/m/n/12 Plage de
 []


Underfull \hbox (badness 10000) in paragraph at lines 63--63
\OT1/cmr/m/n/12 dis-tance de
 []


Underfull \hbox (badness 7116) in paragraph at lines 65--65
[]\OT1/cmr/m/n/12 Tension aux
 []


Underfull \hbox (badness 10000) in paragraph at lines 67--67
\OT1/cmr/m/n/12 ten-sion de
 []


Overfull \hbox (1.89651pt too wide) in paragraph at lines 67--68
[]\OT1/cmr/m/n/12 Changement
 []


Underfull \hbox (badness 1132) in paragraph at lines 67--68
\OT1/cmr/m/n/12 de sor-tie ^^Ra
 []


Underfull \hbox (badness 10000) in paragraph at lines 70--70
[]\OT1/cmr/m/n/12 Courant
 []


Overfull \hbox (3.89236pt too wide) in paragraph at lines 70--70
\OT1/cmr/m/n/12 d'alimentation
 []


Underfull \hbox (badness 10000) in paragraph at lines 72--72
[]\OT1/cmr/m/n/12 Tension
 []


Overfull \hbox (3.89236pt too wide) in paragraph at lines 72--72
\OT1/cmr/m/n/12 d'alimentation| 
 []


Overfull \hbox (42.00058pt too wide) in paragraph at lines 59--77
 [][] 
 []

[4]

Package hyperref Warning: Token not allowed in a PDF string (Unicode):
(hyperref)                removing `\\' on input line 86.


Underfull \hbox (badness 10000) in paragraph at lines 88--89

 []

<../images//img3.png, id=103, 513.92pt x 282.05376pt>
File: ../images//img3.png Graphic file (type png)
<use ../images//img3.png>
Package pdftex.def Info: ../images//img3.png  used on input line 98.
(pdftex.def)             Requested size: 284.52756pt x 156.15865pt.
[5 <../images//img3.png>]
Underfull \hbox (badness 10000) in paragraph at lines 108--109

 []

<../images//img4.png, id=114, 706.64pt x 256.96pt>
File: ../images//img4.png Graphic file (type png)
<use ../images//img4.png>
Package pdftex.def Info: ../images//img4.png  used on input line 116.
(pdftex.def)             Requested size: 341.43306pt x 124.15886pt.

Underfull \hbox (badness 10000) in paragraph at lines 128--129

 []

[6 <../images//img4.png>]

LaTeX Warning: Command \textquoteright invalid in math mode on input line 130.


Underfull \hbox (badness 10000) in paragraph at lines 132--133

 []

<../images//img5.png, id=125, 227.85126pt x 147.55125pt>
File: ../images//img5.png Graphic file (type png)
<use ../images//img5.png>
Package pdftex.def Info: ../images//img5.png  used on input line 136.
(pdftex.def)             Requested size: 284.52756pt x 184.25847pt.

Underfull \hbox (badness 10000) in paragraph at lines 139--140

 []


Package hyperref Warning: Token not allowed in a PDF string (Unicode):
(hyperref)                removing `\\' on input line 142.


Underfull \hbox (badness 10000) in paragraph at lines 149--150

 []

[7 <../images//img5.png>]
Underfull \hbox (badness 10000) in paragraph at lines 151--153

 []

File: ../images//screenDatasheet.png Graphic file (type png)
<use ../images//screenDatasheet.png>
Package pdftex.def Info: ../images//screenDatasheet.png  used on input line 162
.
(pdftex.def)             Requested size: 227.62204pt x 266.72388pt.

LaTeX Warning: `h' float specifier changed to `ht'.

<../images//goodCase.png, id=132, 678.535pt x 677.53125pt>
File: ../images//goodCase.png Graphic file (type png)
<use ../images//goodCase.png>
Package pdftex.def Info: ../images//goodCase.png  used on input line 168.
(pdftex.def)             Requested size: 142.26378pt x 142.04797pt.
<../images//badCase.png, id=133, 678.535pt x 675.52374pt>
File: ../images//badCase.png Graphic file (type png)
<use ../images//badCase.png>
Package pdftex.def Info: ../images//badCase.png  used on input line 170.
(pdftex.def)             Requested size: 142.26378pt x 141.62709pt.

LaTeX Warning: `h' float specifier changed to `ht'.


Underfull \hbox (badness 10000) in paragraph at lines 175--176

 []

[8] [9 <../images//goodCase.png> <../images//badCase.png>]

Package hyperref Warning: Token not allowed in a PDF string (Unicode):
(hyperref)                removing `\\' on input line 181.


Underfull \hbox (badness 10000) in paragraph at lines 183--184

 []


Underfull \hbox (badness 10000) in paragraph at lines 185--187

 []

<../images//mesures.png, id=148, 192.72pt x 96.36pt>
File: ../images//mesures.png Graphic file (type png)
<use ../images//mesures.png>
Package pdftex.def Info: ../images//mesures.png  used on input line 190.
(pdftex.def)             Requested size: 341.43306pt x 170.71594pt.
[10

 <../images//mesures.png (PNG copy)>]
<../images//Comparedatasheet_mesures_v-d2.png, id=157, 192.72pt x 96.36pt>
File: ../images//Comparedatasheet_mesures_v-d2.png Graphic file (type png)
<use ../images//Comparedatasheet_mesures_v-d2.png>
Package pdftex.def Info: ../images//Comparedatasheet_mesures_v-d2.png  used on 
input line 201.
(pdftex.def)             Requested size: 341.43306pt x 170.71594pt.
<../images//tab1.png, id=158, 725.71124pt x 385.44pt>
File: ../images//tab1.png Graphic file (type png)
<use ../images//tab1.png>
Package pdftex.def Info: ../images//tab1.png  used on input line 210.
(pdftex.def)             Requested size: 341.43306pt x 181.34502pt.
 [11 <../images//Comparedatasheet_mesures_v-d2.png (PNG copy)> <../images//tab1
.png>]
<../images//tab2.png, id=165, 820.06375pt x 330.23375pt>
File: ../images//tab2.png Graphic file (type png)
<use ../images//tab2.png>
Package pdftex.def Info: ../images//tab2.png  used on input line 219.
(pdftex.def)             Requested size: 341.43306pt x 137.4929pt.

Underfull \hbox (badness 10000) in paragraph at lines 225--226

 []


Package hyperref Warning: Token not allowed in a PDF string (Unicode):
(hyperref)                removing `\\' on input line 228.

<../images//img1.png, id=166, 513.92pt x 149.55875pt>
File: ../images//img1.png Graphic file (type png)
<use ../images//img1.png>
Package pdftex.def Info: ../images//img1.png  used on input line 235.
(pdftex.def)             Requested size: 341.43306pt x 99.36403pt.

Underfull \hbox (badness 10000) in paragraph at lines 254--254
[]\OT1/cmr/m/n/12 Consommation de
 []

[12 <../images//tab2.png>]
Overfull \hbox (19.7402pt too wide) in paragraph at lines 259--262
\OT1/cmr/m/n/12 Dans le cadre du Robotino, en m^^Selangeant les diff^^Serentes 
pos-si-bilit^^Ses d'utilisations
 []

[13 <../images//img1.png>]
Underfull \hbox (badness 10000) in paragraph at lines 265--268

 []

[14]
<../images//img2.png, id=186, 513.92pt x 215.80624pt>
File: ../images//img2.png Graphic file (type png)
<use ../images//img2.png>
Package pdftex.def Info: ../images//img2.png  used on input line 271.
(pdftex.def)             Requested size: 341.43306pt x 143.37762pt.
 [15 <../images//img2.png>]

Package hyperref Warning: Token not allowed in a PDF string (Unicode):
(hyperref)                removing `\\' on input line 279.


Underfull \hbox (badness 10000) in paragraph at lines 284--285

 []

[16]
Overfull \hbox (17.5502pt too wide) in paragraph at lines 288--289
[]$\OT1/cmtt/m/n/12 http : / / fltsi . fr / tsi / tsi1 / projet / Chaine % 20d 
% 27information / acquerir /
 []


Underfull \hbox (badness 10000) in paragraph at lines 288--289

 []


Overfull \hbox (22.82501pt too wide) in paragraph at lines 290--291
[][]$\OT1/cmtt/m/n/12 https : / / fr . farnell . com / search ? st = capteur % 
20de % 20distance % 20opto %
 []


Underfull \hbox (badness 10000) in paragraph at lines 290--291

 []


Underfull \hbox (badness 10000) in paragraph at lines 292--293

 []


Overfull \hbox (16.65001pt too wide) in paragraph at lines 294--295
[][]$\OT1/cmtt/m/n/12 https : / / www . mouser . fr / c / ?q = proximity % 20op
toelectronic % 20sensor &
 []


Overfull \hbox (54.60022pt too wide) in paragraph at lines 294--295
\OT1/cmtt/m/n/12 OrgTerm = capteur % 20opto % C3 % A9l % C3 % A9ctronique % 20p
roximit % C3 % A9 & NewSearch =
 []


Underfull \hbox (badness 10000) in paragraph at lines 294--295

 []


Underfull \hbox (badness 10000) in paragraph at lines 296--297

 []


Overfull \hbox (5.8pt too wide) in paragraph at lines 298--299
[][]$\OT1/cmtt/m/n/12 https : / / www . festo-[]didactic . com / int-[]en / ser
vices / printed-[]media /
 []


Overfull \hbox (167.25027pt too wide) in paragraph at lines 298--299
\OT1/cmtt/m/n/12 technical-[]documentation / robotino-[]manual-[]544305 . htm ?
 fbid = aW50LmVuLjU1Ny4xNy4zMi45MDguNjcwOA$[] 
 []


Underfull \hbox (badness 10000) in paragraph at lines 298--299

 []

[17] (./rapport.aux)
Package rerunfilecheck Info: File `rapport.out' has not changed.
(rerunfilecheck)             Checksum: F45F3D018600019F4006E11A29805477;2329.
 ) 
Here is how much of TeX's memory you used:
 7938 strings out of 478994
 117424 string characters out of 5859688
 418535 words of memory out of 5000000
 25256 multiletter control sequences out of 15000+600000
 408190 words of font info for 43 fonts, out of 8000000 for 9000
 1141 hyphenation exceptions out of 8191
 71i,12n,74p,701b,347s stack positions out of 5000i,500n,10000p,200000b,80000s
{/app/texlive/texmf-dist/fonts/enc/dvips/cm-super/cm-super-ts1.enc}</app/texl
ive/texmf-dist/fonts/type1/public/amsfonts/cm/cmbx12.pfb></app/texlive/texmf-di
st/fonts/type1/public/amsfonts/cm/cmmi12.pfb></app/texlive/texmf-dist/fonts/typ
e1/public/amsfonts/cm/cmmi8.pfb></app/texlive/texmf-dist/fonts/type1/public/ams
fonts/cm/cmr12.pfb></app/texlive/texmf-dist/fonts/type1/public/amsfonts/cm/cmsy
10.pfb></app/texlive/texmf-dist/fonts/type1/public/amsfonts/cm/cmsy8.pfb></app/
texlive/texmf-dist/fonts/type1/public/amsfonts/cm/cmtt12.pfb></app/texlive/texm
f-dist/fonts/type1/public/cm-super/sfrm1200.pfb>
Output written on rapport.pdf (18 pages, 2335313 bytes).
PDF statistics:
 262 PDF objects out of 1000 (max. 8388607)
 210 compressed objects within 3 object streams
 67 named destinations out of 1000 (max. 500000)
 156 words of extra memory for PDF output out of 10000 (max. 10000000)

